Starting a Gradle Daemon, 1 incompatible and 2 stopped Daemons could not be reused, use --status for details
> Task :clean UP-TO-DATE
> Task :app:clean
> Task :base:clean
> Task :intermediate:clean
> Task :app:preBuild UP-TO-DATE
> Task :app:preDebugBuild UP-TO-DATE
> Task :base:preBuild UP-TO-DATE
> Task :base:preDebugBuild UP-TO-DATE
> Task :base:compileDebugAidl NO-SOURCE
> Task :intermediate:preBuild UP-TO-DATE
> Task :intermediate:preDebugBuild UP-TO-DATE
> Task :intermediate:compileDebugAidl NO-SOURCE
> Task :app:compileDebugAidl NO-SOURCE
> Task :intermediate:packageDebugRenderscript NO-SOURCE
> Task :app:compileDebugRenderscript NO-SOURCE
> Task :app:generateDebugBuildConfig
> Task :app:generateDebugResValues
> Task :app:generateDebugResources
> Task :base:compileDebugRenderscript NO-SOURCE
> Task :base:writeDebugAarMetadata
> Task :intermediate:writeDebugAarMetadata
> Task :base:generateDebugResValues
> Task :base:generateDebugResources
> Task :base:packageDebugResources
> Task :base:packageDebugRenderscript NO-SOURCE
> Task :intermediate:compileDebugRenderscript NO-SOURCE
> Task :intermediate:generateDebugResValues
> Task :intermediate:generateDebugResources
> Task :intermediate:packageDebugResources
> Task :app:createDebugCompatibleScreenManifests
> Task :app:extractDeepLinksDebug
> Task :base:extractDeepLinksDebug
> Task :intermediate:extractDeepLinksDebug
> Task :base:compileDebugLibraryResources
> Task :intermediate:compileDebugLibraryResources
> Task :base:generateDebugBuildConfig
> Task :base:javaPreCompileDebug
> Task :intermediate:generateDebugBuildConfig
> Task :intermediate:javaPreCompileDebug
> Task :base:parseDebugLocalResources
> Task :intermediate:parseDebugLocalResources
> Task :app:javaPreCompileDebug
> Task :app:mergeDebugNativeDebugMetadata NO-SOURCE
> Task :intermediate:processDebugManifest
> Task :base:processDebugManifest
> Task :app:mergeDebugShaders
> Task :app:compileDebugShaders NO-SOURCE
> Task :app:generateDebugAssets UP-TO-DATE
> Task :base:mergeDebugShaders
> Task :base:compileDebugShaders NO-SOURCE
> Task :base:generateDebugAssets UP-TO-DATE
> Task :base:packageDebugAssets
> Task :intermediate:mergeDebugShaders
> Task :intermediate:compileDebugShaders NO-SOURCE
> Task :intermediate:generateDebugAssets UP-TO-DATE
> Task :intermediate:packageDebugAssets
> Task :app:mergeDebugAssets
> Task :app:compressDebugAssets
> Task :app:processDebugJavaRes NO-SOURCE
> Task :base:processDebugJavaRes NO-SOURCE
> Task :intermediate:processDebugJavaRes NO-SOURCE
> Task :app:mergeDebugJniLibFolders
> Task :app:checkDebugDuplicateClasses
> Task :base:mergeDebugJniLibFolders
> Task :base:mergeDebugNativeLibs NO-SOURCE
> Task :base:stripDebugDebugSymbols NO-SOURCE
> Task :base:copyDebugJniLibsProjectOnly
> Task :intermediate:mergeDebugJniLibFolders
> Task :intermediate:mergeDebugNativeLibs NO-SOURCE
> Task :intermediate:stripDebugDebugSymbols NO-SOURCE
> Task :intermediate:copyDebugJniLibsProjectOnly
> Task :app:validateSigningDebug
> Task :base:copyDebugJniLibsProjectAndLocalJars
> Task :base:prepareLintJarForPublish UP-TO-DATE
> Task :intermediate:copyDebugJniLibsProjectAndLocalJars
> Task :intermediate:prepareLintJarForPublish UP-TO-DATE
> Task :app:processDebugMainManifest
> Task :app:processDebugManifest
> Task :app:mergeDebugResources
> Task :app:checkDebugAarMetadata
> Task :app:processDebugManifestForPackage
> Task :base:generateDebugRFile
> Task :intermediate:generateDebugRFile

> Task :base:kaptGenerateStubsDebugKotlin
w: Runtime JAR files in the classpath should have the same version. These files were found in the classpath:
    C:/Users/kzoti/.gradle/caches/transforms-2/files-2.1/080d89e675ebef980be26960244ff3db/jetified-kotlin-stdlib-jdk7-1.3.72.jar (version 1.3)
    C:/Users/kzoti/.gradle/caches/transforms-2/files-2.1/5571fa5547ade51aab87db49947ab766/jetified-kotlin-stdlib-1.4.10.jar (version 1.4)
    C:/Users/kzoti/.gradle/caches/transforms-2/files-2.1/5b2dbbd421838d5ed00cca2a2ac74eae/jetified-kotlin-stdlib-common-1.4.10.jar (version 1.4)
w: Some runtime JAR files in the classpath have an incompatible version. Consider removing them from the classpath

> Task :base:kaptDebugKotlin
w: Runtime JAR files in the classpath should have the same version. These files were found in the classpath:
    C:/Users/kzoti/.gradle/caches/transforms-2/files-2.1/080d89e675ebef980be26960244ff3db/jetified-kotlin-stdlib-jdk7-1.3.72.jar (version 1.3)
    C:/Users/kzoti/.gradle/caches/transforms-2/files-2.1/5571fa5547ade51aab87db49947ab766/jetified-kotlin-stdlib-1.4.10.jar (version 1.4)
    C:/Users/kzoti/.gradle/caches/transforms-2/files-2.1/5b2dbbd421838d5ed00cca2a2ac74eae/jetified-kotlin-stdlib-common-1.4.10.jar (version 1.4)
w: Some runtime JAR files in the classpath have an incompatible version. Consider removing them from the classpath

> Task :base:compileDebugKotlin
w: Runtime JAR files in the classpath should have the same version. These files were found in the classpath:
    C:/Users/kzoti/.gradle/caches/transforms-2/files-2.1/080d89e675ebef980be26960244ff3db/jetified-kotlin-stdlib-jdk7-1.3.72.jar (version 1.3)
    C:/Users/kzoti/.gradle/caches/transforms-2/files-2.1/5571fa5547ade51aab87db49947ab766/jetified-kotlin-stdlib-1.4.10.jar (version 1.4)
    C:/Users/kzoti/.gradle/caches/transforms-2/files-2.1/5b2dbbd421838d5ed00cca2a2ac74eae/jetified-kotlin-stdlib-common-1.4.10.jar (version 1.4)
w: Some runtime JAR files in the classpath have an incompatible version. Consider removing them from the classpath

> Task :base:compileDebugJavaWithJavac
> Task :base:bundleLibResDebug
> Task :base:bundleLibCompileToJarDebug
> Task :base:transformClassesWithRealmTransformerForDebug
> Task :base:bundleLibRuntimeToJarDebug
> Task :base:extractDebugAnnotations
> Task :base:mergeDebugGeneratedProguardFiles
> Task :base:mergeDebugConsumerProguardFiles
> Task :base:compileDebugSources
> Task :base:mergeDebugJavaResource
> Task :app:processDebugResources
> Task :base:syncDebugLibJars
> Task :base:bundleDebugAar
> Task :base:assembleDebug

> Task :intermediate:kaptGenerateStubsDebugKotlin
w: Runtime JAR files in the classpath should have the same version. These files were found in the classpath:
    C:/Users/kzoti/.gradle/caches/transforms-2/files-2.1/080d89e675ebef980be26960244ff3db/jetified-kotlin-stdlib-jdk7-1.3.72.jar (version 1.3)
    C:/Users/kzoti/.gradle/caches/transforms-2/files-2.1/5571fa5547ade51aab87db49947ab766/jetified-kotlin-stdlib-1.4.10.jar (version 1.4)
    C:/Users/kzoti/.gradle/caches/transforms-2/files-2.1/5b2dbbd421838d5ed00cca2a2ac74eae/jetified-kotlin-stdlib-common-1.4.10.jar (version 1.4)
w: Some runtime JAR files in the classpath have an incompatible version. Consider removing them from the classpath

> Task :intermediate:kaptDebugKotlin FAILED
w: Runtime JAR files in the classpath should have the same version. These files were found in the classpath:
    C:/Users/kzoti/.gradle/caches/transforms-2/files-2.1/080d89e675ebef980be26960244ff3db/jetified-kotlin-stdlib-jdk7-1.3.72.jar (version 1.3)
    C:/Users/kzoti/.gradle/caches/transforms-2/files-2.1/5571fa5547ade51aab87db49947ab766/jetified-kotlin-stdlib-1.4.10.jar (version 1.4)
    C:/Users/kzoti/.gradle/caches/transforms-2/files-2.1/5b2dbbd421838d5ed00cca2a2ac74eae/jetified-kotlin-stdlib-common-1.4.10.jar (version 1.4)
w: Some runtime JAR files in the classpath have an incompatible version. Consider removing them from the classpath
e: [kapt] An exception occurred: java.lang.IllegalArgumentException: Class com.example.base.Location was not found
	at io.realm.processor.ClassCollection.getClassFromQualifiedName-omp8SrQ(ClassCollection.kt:40)
	at io.realm.processor.RealmProxyClassGenerator.emitRealmModel(RealmProxyClassGenerator.kt:374)
	at io.realm.processor.RealmProxyClassGenerator.emitPersistedFieldAccessors(RealmProxyClassGenerator.kt:243)
	at io.realm.processor.RealmProxyClassGenerator.generate(RealmProxyClassGenerator.kt:93)
	at io.realm.processor.RealmProcessor.createProxyClassFiles(RealmProcessor.kt:279)
	at io.realm.processor.RealmProcessor.process(RealmProcessor.kt:193)
	at org.jetbrains.kotlin.kapt3.base.incremental.IncrementalProcessor.process(incrementalProcessors.kt)
	at org.jetbrains.kotlin.kapt3.base.ProcessorWrapper.process(annotationProcessing.kt:161)
	at com.sun.tools.javac.processing.JavacProcessingEnvironment.callProcessor(JavacProcessingEnvironment.java:794)
	at com.sun.tools.javac.processing.JavacProcessingEnvironment.discoverAndRunProcs(JavacProcessingEnvironment.java:705)
	at com.sun.tools.javac.processing.JavacProcessingEnvironment.access$1800(JavacProcessingEnvironment.java:91)
	at com.sun.tools.javac.processing.JavacProcessingEnvironment$Round.run(JavacProcessingEnvironment.java:1035)
	at com.sun.tools.javac.processing.JavacProcessingEnvironment.doProcessing(JavacProcessingEnvironment.java:1176)
	at com.sun.tools.javac.main.JavaCompiler.processAnnotations(JavaCompiler.java:1170)
	at com.sun.tools.javac.main.JavaCompiler.processAnnotations(JavaCompiler.java:1068)
	at org.jetbrains.kotlin.kapt3.base.AnnotationProcessingKt.doAnnotationProcessing(annotationProcessing.kt:78)
	at org.jetbrains.kotlin.kapt3.base.AnnotationProcessingKt.doAnnotationProcessing$default(annotationProcessing.kt:34)
	at org.jetbrains.kotlin.kapt3.AbstractKapt3Extension.runAnnotationProcessing(Kapt3Extension.kt:229)
	at org.jetbrains.kotlin.kapt3.AbstractKapt3Extension.analysisCompleted(Kapt3Extension.kt:192)
	at org.jetbrains.kotlin.kapt3.ClasspathBasedKapt3Extension.analysisCompleted(Kapt3Extension.kt:100)
	at org.jetbrains.kotlin.cli.jvm.compiler.TopDownAnalyzerFacadeForJVM$analyzeFilesWithJavaIntegration$2.invoke(TopDownAnalyzerFacadeForJVM.kt:108)
	at org.jetbrains.kotlin.cli.jvm.compiler.TopDownAnalyzerFacadeForJVM.analyzeFilesWithJavaIntegration(TopDownAnalyzerFacadeForJVM.kt:118)
	at org.jetbrains.kotlin.cli.jvm.compiler.TopDownAnalyzerFacadeForJVM.analyzeFilesWithJavaIntegration$default(TopDownAnalyzerFacadeForJVM.kt:93)
	at org.jetbrains.kotlin.cli.jvm.compiler.KotlinToJVMBytecodeCompiler$analyze$1.invoke(KotlinToJVMBytecodeCompiler.kt:526)
	at org.jetbrains.kotlin.cli.jvm.compiler.KotlinToJVMBytecodeCompiler$analyze$1.invoke(KotlinToJVMBytecodeCompiler.kt:90)
	at org.jetbrains.kotlin.cli.common.messages.AnalyzerWithCompilerReport.analyzeAndReport(AnalyzerWithCompilerReport.kt:115)
	at org.jetbrains.kotlin.cli.jvm.compiler.KotlinToJVMBytecodeCompiler.analyze(KotlinToJVMBytecodeCompiler.kt:517)
	at org.jetbrains.kotlin.cli.jvm.compiler.KotlinToJVMBytecodeCompiler.compileModules$cli(KotlinToJVMBytecodeCompiler.kt:185)
	at org.jetbrains.kotlin.cli.jvm.K2JVMCompiler.doExecute(K2JVMCompiler.kt:164)
	at org.jetbrains.kotlin.cli.jvm.K2JVMCompiler.doExecute(K2JVMCompiler.kt:51)
	at org.jetbrains.kotlin.cli.common.CLICompiler.execImpl(CLICompiler.kt:86)
	at org.jetbrains.kotlin.cli.common.CLICompiler.execImpl(CLICompiler.kt:44)
	at org.jetbrains.kotlin.cli.common.CLITool.exec(CLITool.kt:98)
	at org.jetbrains.kotlin.daemon.CompileServiceImpl.compile(CompileServiceImpl.kt:1549)
	at sun.reflect.NativeMethodAccessorImpl.invoke0(Native Method)
	at sun.reflect.NativeMethodAccessorImpl.invoke(NativeMethodAccessorImpl.java:62)
	at sun.reflect.DelegatingMethodAccessorImpl.invoke(DelegatingMethodAccessorImpl.java:43)
	at java.lang.reflect.Method.invoke(Method.java:498)
	at sun.rmi.server.UnicastServerRef.dispatch(UnicastServerRef.java:357)
	at sun.rmi.transport.Transport$1.run(Transport.java:200)
	at sun.rmi.transport.Transport$1.run(Transport.java:197)
	at java.security.AccessController.doPrivileged(Native Method)
	at sun.rmi.transport.Transport.serviceCall(Transport.java:196)
	at sun.rmi.transport.tcp.TCPTransport.handleMessages(TCPTransport.java:573)
	at sun.rmi.transport.tcp.TCPTransport$ConnectionHandler.run0(TCPTransport.java:834)
	at sun.rmi.transport.tcp.TCPTransport$ConnectionHandler.lambda$run$0(TCPTransport.java:688)
	at java.security.AccessController.doPrivileged(Native Method)
	at sun.rmi.transport.tcp.TCPTransport$ConnectionHandler.run(TCPTransport.java:687)
	at java.util.concurrent.ThreadPoolExecutor.runWorker(ThreadPoolExecutor.java:1149)
	at java.util.concurrent.ThreadPoolExecutor$Worker.run(ThreadPoolExecutor.java:624)
	at java.lang.Thread.run(Thread.java:748)


FAILURE: Build failed with an exception.

* What went wrong:
Execution failed for task ':intermediate:kaptDebugKotlin'.
> Compilation error. See log for more details

* Try:
Run with --info or --debug option to get more log output. Run with --scan to get full insights.

* Exception is:
org.gradle.api.tasks.TaskExecutionException: Execution failed for task ':intermediate:kaptDebugKotlin'.
	at org.gradle.api.internal.tasks.execution.ExecuteActionsTaskExecuter.lambda$executeIfValid$1(ExecuteActionsTaskExecuter.java:200)
	at org.gradle.internal.Try$Failure.ifSuccessfulOrElse(Try.java:263)
	at org.gradle.api.internal.tasks.execution.ExecuteActionsTaskExecuter.executeIfValid(ExecuteActionsTaskExecuter.java:198)
	at org.gradle.api.internal.tasks.execution.ExecuteActionsTaskExecuter.execute(ExecuteActionsTaskExecuter.java:179)
	at org.gradle.api.internal.tasks.execution.CleanupStaleOutputsExecuter.execute(CleanupStaleOutputsExecuter.java:109)
	at org.gradle.api.internal.tasks.execution.FinalizePropertiesTaskExecuter.execute(FinalizePropertiesTaskExecuter.java:46)
	at org.gradle.api.internal.tasks.execution.ResolveTaskExecutionModeExecuter.execute(ResolveTaskExecutionModeExecuter.java:62)
	at org.gradle.api.internal.tasks.execution.SkipTaskWithNoActionsExecuter.execute(SkipTaskWithNoActionsExecuter.java:57)
	at org.gradle.api.internal.tasks.execution.SkipOnlyIfTaskExecuter.execute(SkipOnlyIfTaskExecuter.java:56)
	at org.gradle.api.internal.tasks.execution.CatchExceptionTaskExecuter.execute(CatchExceptionTaskExecuter.java:36)
	at org.gradle.api.internal.tasks.execution.EventFiringTaskExecuter$1.executeTask(EventFiringTaskExecuter.java:77)
	at org.gradle.api.internal.tasks.execution.EventFiringTaskExecuter$1.call(EventFiringTaskExecuter.java:55)
	at org.gradle.api.internal.tasks.execution.EventFiringTaskExecuter$1.call(EventFiringTaskExecuter.java:52)
	at org.gradle.internal.operations.DefaultBuildOperationRunner$CallableBuildOperationWorker.execute(DefaultBuildOperationRunner.java:200)
	at org.gradle.internal.operations.DefaultBuildOperationRunner$CallableBuildOperationWorker.execute(DefaultBuildOperationRunner.java:195)
	at org.gradle.internal.operations.DefaultBuildOperationRunner$3.execute(DefaultBuildOperationRunner.java:75)
	at org.gradle.internal.operations.DefaultBuildOperationRunner$3.execute(DefaultBuildOperationRunner.java:68)
	at org.gradle.internal.operations.DefaultBuildOperationRunner.execute(DefaultBuildOperationRunner.java:153)
	at org.gradle.internal.operations.DefaultBuildOperationRunner.execute(DefaultBuildOperationRunner.java:68)
	at org.gradle.internal.operations.DefaultBuildOperationRunner.call(DefaultBuildOperationRunner.java:62)
	at org.gradle.internal.operations.DefaultBuildOperationExecutor.lambda$call$2(DefaultBuildOperationExecutor.java:76)
	at org.gradle.internal.operations.UnmanagedBuildOperationWrapper.callWithUnmanagedSupport(UnmanagedBuildOperationWrapper.java:54)
	at org.gradle.internal.operations.DefaultBuildOperationExecutor.call(DefaultBuildOperationExecutor.java:76)
	at org.gradle.api.internal.tasks.execution.EventFiringTaskExecuter.execute(EventFiringTaskExecuter.java:52)
	at org.gradle.execution.plan.LocalTaskNodeExecutor.execute(LocalTaskNodeExecutor.java:41)
	at org.gradle.execution.taskgraph.DefaultTaskExecutionGraph$InvokeNodeExecutorsAction.execute(DefaultTaskExecutionGraph.java:372)
	at org.gradle.execution.taskgraph.DefaultTaskExecutionGraph$InvokeNodeExecutorsAction.execute(DefaultTaskExecutionGraph.java:359)
	at org.gradle.execution.taskgraph.DefaultTaskExecutionGraph$BuildOperationAwareExecutionAction.execute(DefaultTaskExecutionGraph.java:352)
	at org.gradle.execution.taskgraph.DefaultTaskExecutionGraph$BuildOperationAwareExecutionAction.execute(DefaultTaskExecutionGraph.java:338)
	at org.gradle.execution.plan.DefaultPlanExecutor$ExecutorWorker.lambda$run$0(DefaultPlanExecutor.java:127)
	at org.gradle.execution.plan.DefaultPlanExecutor$ExecutorWorker.execute(DefaultPlanExecutor.java:191)
	at org.gradle.execution.plan.DefaultPlanExecutor$ExecutorWorker.executeNextNode(DefaultPlanExecutor.java:182)
	at org.gradle.execution.plan.DefaultPlanExecutor$ExecutorWorker.run(DefaultPlanExecutor.java:124)
	at org.gradle.internal.concurrent.ExecutorPolicy$CatchAndRecordFailures.onExecute(ExecutorPolicy.java:64)
	at org.gradle.internal.concurrent.ManagedExecutorImpl$1.run(ManagedExecutorImpl.java:48)
	at org.gradle.internal.concurrent.ThreadFactoryImpl$ManagedThreadRunnable.run(ThreadFactoryImpl.java:56)
Caused by: org.gradle.api.GradleException: Compilation error. See log for more details
	at org.jetbrains.kotlin.gradle.tasks.TasksUtilsKt.throwGradleExceptionIfError(tasksUtils.kt:14)
	at org.jetbrains.kotlin.compilerRunner.GradleKotlinCompilerWork.run(GradleKotlinCompilerWork.kt:127)
	at org.jetbrains.kotlin.compilerRunner.GradleCompilerRunner.runCompilerAsync(GradleKotlinCompilerRunner.kt:152)
	at org.jetbrains.kotlin.compilerRunner.GradleCompilerRunner.runCompilerAsync(GradleKotlinCompilerRunner.kt:147)
	at org.jetbrains.kotlin.compilerRunner.GradleCompilerRunner.runJvmCompilerAsync(GradleKotlinCompilerRunner.kt:73)
	at org.jetbrains.kotlin.gradle.internal.KaptWithKotlincTask.compile(KaptWithKotlincTask.kt:110)
	at org.gradle.internal.reflect.JavaMethod.invoke(JavaMethod.java:104)
	at org.gradle.api.internal.project.taskfactory.IncrementalTaskInputsTaskAction.doExecute(IncrementalTaskInputsTaskAction.java:47)
	at org.gradle.api.internal.project.taskfactory.StandardTaskAction.execute(StandardTaskAction.java:51)
	at org.gradle.api.internal.project.taskfactory.AbstractIncrementalTaskAction.execute(AbstractIncrementalTaskAction.java:25)
	at org.gradle.api.internal.project.taskfactory.StandardTaskAction.execute(StandardTaskAction.java:29)
	at org.gradle.api.internal.tasks.execution.ExecuteActionsTaskExecuter$3.run(ExecuteActionsTaskExecuter.java:555)
	at org.gradle.internal.operations.DefaultBuildOperationRunner$1.execute(DefaultBuildOperationRunner.java:29)
	at org.gradle.internal.operations.DefaultBuildOperationRunner$1.execute(DefaultBuildOperationRunner.java:26)
	at org.gradle.internal.operations.DefaultBuildOperationRunner$3.execute(DefaultBuildOperationRunner.java:75)
	at org.gradle.internal.operations.DefaultBuildOperationRunner$3.execute(DefaultBuildOperationRunner.java:68)
	at org.gradle.internal.operations.DefaultBuildOperationRunner.execute(DefaultBuildOperationRunner.java:153)
	at org.gradle.internal.operations.DefaultBuildOperationRunner.execute(DefaultBuildOperationRunner.java:68)
	at org.gradle.internal.operations.DefaultBuildOperationRunner.run(DefaultBuildOperationRunner.java:56)
	at org.gradle.internal.operations.DefaultBuildOperationExecutor.lambda$run$1(DefaultBuildOperationExecutor.java:71)
	at org.gradle.internal.operations.UnmanagedBuildOperationWrapper.runWithUnmanagedSupport(UnmanagedBuildOperationWrapper.java:45)
	at org.gradle.internal.operations.DefaultBuildOperationExecutor.run(DefaultBuildOperationExecutor.java:71)
	at org.gradle.api.internal.tasks.execution.ExecuteActionsTaskExecuter.executeAction(ExecuteActionsTaskExecuter.java:540)
	at org.gradle.api.internal.tasks.execution.ExecuteActionsTaskExecuter.executeActions(ExecuteActionsTaskExecuter.java:523)
	at org.gradle.api.internal.tasks.execution.ExecuteActionsTaskExecuter.access$300(ExecuteActionsTaskExecuter.java:108)
	at org.gradle.api.internal.tasks.execution.ExecuteActionsTaskExecuter$TaskExecution.executeWithPreviousOutputFiles(ExecuteActionsTaskExecuter.java:271)
	at org.gradle.api.internal.tasks.execution.ExecuteActionsTaskExecuter$TaskExecution.execute(ExecuteActionsTaskExecuter.java:260)
	at org.gradle.internal.execution.steps.ExecuteStep.lambda$execute$0(ExecuteStep.java:33)
	at org.gradle.internal.execution.steps.ExecuteStep.execute(ExecuteStep.java:33)
	at org.gradle.internal.execution.steps.ExecuteStep.execute(ExecuteStep.java:26)
	at org.gradle.internal.execution.steps.CleanupOutputsStep.execute(CleanupOutputsStep.java:67)
	at org.gradle.internal.execution.steps.CleanupOutputsStep.execute(CleanupOutputsStep.java:36)
	at org.gradle.internal.execution.steps.ResolveInputChangesStep.execute(ResolveInputChangesStep.java:49)
	at org.gradle.internal.execution.steps.ResolveInputChangesStep.execute(ResolveInputChangesStep.java:34)
	at org.gradle.internal.execution.steps.CancelExecutionStep.execute(CancelExecutionStep.java:43)
	at org.gradle.internal.execution.steps.TimeoutStep.executeWithoutTimeout(TimeoutStep.java:73)
	at org.gradle.internal.execution.steps.TimeoutStep.execute(TimeoutStep.java:54)
	at org.gradle.internal.execution.steps.CreateOutputsStep.execute(CreateOutputsStep.java:44)
	at org.gradle.internal.execution.steps.SnapshotOutputsStep.execute(SnapshotOutputsStep.java:54)
	at org.gradle.internal.execution.steps.SnapshotOutputsStep.execute(SnapshotOutputsStep.java:38)
	at org.gradle.internal.execution.steps.BroadcastChangingOutputsStep.execute(BroadcastChangingOutputsStep.java:42)
	at org.gradle.internal.execution.steps.CacheStep.executeWithoutCache(CacheStep.java:159)
	at org.gradle.internal.execution.steps.CacheStep.execute(CacheStep.java:72)
	at org.gradle.internal.execution.steps.CacheStep.execute(CacheStep.java:43)
	at org.gradle.internal.execution.steps.StoreExecutionStateStep.execute(StoreExecutionStateStep.java:44)
	at org.gradle.internal.execution.steps.StoreExecutionStateStep.execute(StoreExecutionStateStep.java:33)
	at org.gradle.internal.execution.steps.RecordOutputsStep.execute(RecordOutputsStep.java:38)
	at org.gradle.internal.execution.steps.RecordOutputsStep.execute(RecordOutputsStep.java:24)
	at org.gradle.internal.execution.steps.SkipUpToDateStep.executeBecause(SkipUpToDateStep.java:92)
	at org.gradle.internal.execution.steps.SkipUpToDateStep.lambda$execute$0(SkipUpToDateStep.java:85)
	at org.gradle.internal.execution.steps.SkipUpToDateStep.execute(SkipUpToDateStep.java:55)
	at org.gradle.internal.execution.steps.SkipUpToDateStep.execute(SkipUpToDateStep.java:39)
	at org.gradle.internal.execution.steps.ResolveChangesStep.execute(ResolveChangesStep.java:76)
	at org.gradle.internal.execution.steps.ResolveChangesStep.execute(ResolveChangesStep.java:37)
	at org.gradle.internal.execution.steps.legacy.MarkSnapshottingInputsFinishedStep.execute(MarkSnapshottingInputsFinishedStep.java:36)
	at org.gradle.internal.execution.steps.legacy.MarkSnapshottingInputsFinishedStep.execute(MarkSnapshottingInputsFinishedStep.java:26)
	at org.gradle.internal.execution.steps.ResolveCachingStateStep.execute(ResolveCachingStateStep.java:94)
	at org.gradle.internal.execution.steps.ResolveCachingStateStep.execute(ResolveCachingStateStep.java:49)
	at org.gradle.internal.execution.steps.CaptureStateBeforeExecutionStep.execute(CaptureStateBeforeExecutionStep.java:79)
	at org.gradle.internal.execution.steps.CaptureStateBeforeExecutionStep.execute(CaptureStateBeforeExecutionStep.java:53)
	at org.gradle.internal.execution.steps.ValidateStep.execute(ValidateStep.java:74)
	at org.gradle.internal.execution.steps.SkipEmptyWorkStep.lambda$execute$2(SkipEmptyWorkStep.java:78)
	at org.gradle.internal.execution.steps.SkipEmptyWorkStep.execute(SkipEmptyWorkStep.java:78)
	at org.gradle.internal.execution.steps.SkipEmptyWorkStep.execute(SkipEmptyWorkStep.java:34)
	at org.gradle.internal.execution.steps.legacy.MarkSnapshottingInputsStartedStep.execute(MarkSnapshottingInputsStartedStep.java:39)
	at org.gradle.internal.execution.steps.LoadExecutionStateStep.execute(LoadExecutionStateStep.java:40)
	at org.gradle.internal.execution.steps.LoadExecutionStateStep.execute(LoadExecutionStateStep.java:28)
	at org.gradle.internal.execution.impl.DefaultWorkExecutor.execute(DefaultWorkExecutor.java:33)
	at org.gradle.api.internal.tasks.execution.ExecuteActionsTaskExecuter.executeIfValid(ExecuteActionsTaskExecuter.java:187)
	at org.gradle.api.internal.tasks.execution.ExecuteActionsTaskExecuter.execute(ExecuteActionsTaskExecuter.java:179)
	at org.gradle.api.internal.tasks.execution.CleanupStaleOutputsExecuter.execute(CleanupStaleOutputsExecuter.java:109)
	at org.gradle.api.internal.tasks.execution.FinalizePropertiesTaskExecuter.execute(FinalizePropertiesTaskExecuter.java:46)
	at org.gradle.api.internal.tasks.execution.ResolveTaskExecutionModeExecuter.execute(ResolveTaskExecutionModeExecuter.java:62)
	at org.gradle.api.internal.tasks.execution.SkipTaskWithNoActionsExecuter.execute(SkipTaskWithNoActionsExecuter.java:57)
	at org.gradle.api.internal.tasks.execution.SkipOnlyIfTaskExecuter.execute(SkipOnlyIfTaskExecuter.java:56)
	at org.gradle.api.internal.tasks.execution.CatchExceptionTaskExecuter.execute(CatchExceptionTaskExecuter.java:36)
	at org.gradle.api.internal.tasks.execution.EventFiringTaskExecuter$1.executeTask(EventFiringTaskExecuter.java:77)
	at org.gradle.api.internal.tasks.execution.EventFiringTaskExecuter$1.call(EventFiringTaskExecuter.java:55)
	at org.gradle.api.internal.tasks.execution.EventFiringTaskExecuter$1.call(EventFiringTaskExecuter.java:52)
	at org.gradle.internal.operations.DefaultBuildOperationRunner$CallableBuildOperationWorker.execute(DefaultBuildOperationRunner.java:200)
	at org.gradle.internal.operations.DefaultBuildOperationRunner$CallableBuildOperationWorker.execute(DefaultBuildOperationRunner.java:195)
	at org.gradle.internal.operations.DefaultBuildOperationRunner$3.execute(DefaultBuildOperationRunner.java:75)
	at org.gradle.internal.operations.DefaultBuildOperationRunner$3.execute(DefaultBuildOperationRunner.java:68)
	at org.gradle.internal.operations.DefaultBuildOperationRunner.execute(DefaultBuildOperationRunner.java:153)
	at org.gradle.internal.operations.DefaultBuildOperationRunner.execute(DefaultBuildOperationRunner.java:68)
	at org.gradle.internal.operations.DefaultBuildOperationRunner.call(DefaultBuildOperationRunner.java:62)
	at org.gradle.internal.operations.DefaultBuildOperationExecutor.lambda$call$2(DefaultBuildOperationExecutor.java:76)
	at org.gradle.internal.operations.UnmanagedBuildOperationWrapper.callWithUnmanagedSupport(UnmanagedBuildOperationWrapper.java:54)
	at org.gradle.internal.operations.DefaultBuildOperationExecutor.call(DefaultBuildOperationExecutor.java:76)
	at org.gradle.api.internal.tasks.execution.EventFiringTaskExecuter.execute(EventFiringTaskExecuter.java:52)
	at org.gradle.execution.plan.LocalTaskNodeExecutor.execute(LocalTaskNodeExecutor.java:41)
	at org.gradle.execution.taskgraph.DefaultTaskExecutionGraph$InvokeNodeExecutorsAction.execute(DefaultTaskExecutionGraph.java:372)
	at org.gradle.execution.taskgraph.DefaultTaskExecutionGraph$InvokeNodeExecutorsAction.execute(DefaultTaskExecutionGraph.java:359)
	at org.gradle.execution.taskgraph.DefaultTaskExecutionGraph$BuildOperationAwareExecutionAction.execute(DefaultTaskExecutionGraph.java:352)
	at org.gradle.execution.taskgraph.DefaultTaskExecutionGraph$BuildOperationAwareExecutionAction.execute(DefaultTaskExecutionGraph.java:338)
	at org.gradle.execution.plan.DefaultPlanExecutor$ExecutorWorker.lambda$run$0(DefaultPlanExecutor.java:127)
	at org.gradle.execution.plan.DefaultPlanExecutor$ExecutorWorker.execute(DefaultPlanExecutor.java:191)
	at org.gradle.execution.plan.DefaultPlanExecutor$ExecutorWorker.executeNextNode(DefaultPlanExecutor.java:182)
	at org.gradle.execution.plan.DefaultPlanExecutor$ExecutorWorker.run(DefaultPlanExecutor.java:124)
	at org.gradle.internal.concurrent.ExecutorPolicy$CatchAndRecordFailures.onExecute(ExecutorPolicy.java:64)
	at org.gradle.internal.concurrent.ManagedExecutorImpl$1.run(ManagedExecutorImpl.java:48)
	at org.gradle.internal.concurrent.ThreadFactoryImpl$ManagedThreadRunnable.run(ThreadFactoryImpl.java:56)


* Get more help at https://help.gradle.org

Deprecated Gradle features were used in this build, making it incompatible with Gradle 7.0.
Use '--warning-mode all' to show the individual deprecation warnings.
See https://docs.gradle.org/6.7/userguide/command_line_interface.html#sec:command_line_warnings

BUILD FAILED in 1m 2s
69 actionable tasks: 66 executed, 3 up-to-date
